<?xml version="1.0" encoding="UTF-8"?>
<testsuite xmlns:xsi="http://www.w3.org/2001/XMLSchema-instance" xsi:noNamespaceSchemaLocation="https://maven.apache.org/surefire/maven-surefire-plugin/xsd/surefire-test-report-3.0.xsd" version="3.0" name="com.prog.TaskTrackerApplicationTests" time="14.854" tests="1" errors="0" skipped="0" failures="0">
  <properties>
[...]
</properties>
  <testcase name="contextLoads" classname="com.prog.TaskTrackerApplicationTests" time="1.185">
    <system-out><![CDATA[07:41:59.326 [main] INFO org.springframework.test.context.support.AnnotationConfigContextLoaderUtils -- Could not detect default configuration classes for test class [com.prog.TaskTrackerApplicationTests]: TaskTrackerApplicationTests does not declare any static, non-private, non-final, nested classes annotated with @Configuration.
07:41:59.549 [main] INFO org.springframework.boot.test.context.SpringBootTestContextBootstrapper -- Found @SpringBootConfiguration com.prog.TaskTrackerApplication for test class com.prog.TaskTrackerApplicationTests

  .   ____          _            __ _ _
 /\\ / ___'_ __ _ _(_)_ __  __ _ \ \ \ \
( ( )\___ | '_ | '_| | '_ \/ _` | \ \ \ \
 \\/  ___)| |_)| | | | | || (_| |  ) ) ) )
  '  |____| .__|_| |_|_| |_\__, | / / / /
 =========|_|==============|___/=/_/_/_/
 :: Spring Boot ::                (v3.1.2)

2023-08-07T07:42:00.486+08:00  INFO 268 --- [           main] com.prog.TaskTrackerApplicationTests     : Starting TaskTrackerApplicationTests using Java 17.0.7 with PID 268 (started by Muhd Zahir in C:\Users\Muhd Zahir\Documents\workspace-spring\Task-Tracker)
2023-08-07T07:42:00.489+08:00  INFO 268 --- [           main] com.prog.TaskTrackerApplicationTests     : No active profile set, falling back to 1 default profile: "default"
2023-08-07T07:42:01.876+08:00  INFO 268 --- [           main] .s.d.r.c.RepositoryConfigurationDelegate : Bootstrapping Spring Data JPA repositories in DEFAULT mode.
2023-08-07T07:42:01.986+08:00  INFO 268 --- [           main] .s.d.r.c.RepositoryConfigurationDelegate : Finished Spring Data repository scanning in 91 ms. Found 1 JPA repository interfaces.
2023-08-07T07:42:02.910+08:00  INFO 268 --- [           main] o.hibernate.jpa.internal.util.LogHelper  : HHH000204: Processing PersistenceUnitInfo [name: default]
2023-08-07T07:42:03.029+08:00  INFO 268 --- [           main] org.hibernate.Version                    : HHH000412: Hibernate ORM core version 6.2.6.Final
2023-08-07T07:42:03.034+08:00  INFO 268 --- [           main] org.hibernate.cfg.Environment            : HHH000406: Using bytecode reflection optimizer
2023-08-07T07:42:03.484+08:00  INFO 268 --- [           main] o.h.b.i.BytecodeProviderInitiator        : HHH000021: Bytecode provider name : bytebuddy
2023-08-07T07:42:03.800+08:00  INFO 268 --- [           main] o.s.o.j.p.SpringPersistenceUnitInfo      : No LoadTimeWeaver setup: ignoring JPA class transformer
2023-08-07T07:42:03.850+08:00  INFO 268 --- [           main] com.zaxxer.hikari.HikariDataSource       : HikariPool-1 - Starting...
2023-08-07T07:42:07.254+08:00  INFO 268 --- [           main] com.zaxxer.hikari.pool.HikariPool        : HikariPool-1 - Added connection com.mysql.cj.jdbc.ConnectionImpl@2c7ad4f3
2023-08-07T07:42:07.259+08:00  INFO 268 --- [           main] com.zaxxer.hikari.HikariDataSource       : HikariPool-1 - Start completed.
2023-08-07T07:42:08.309+08:00  INFO 268 --- [           main] o.h.b.i.BytecodeProviderInitiator        : HHH000021: Bytecode provider name : bytebuddy
2023-08-07T07:42:09.757+08:00  INFO 268 --- [           main] o.h.e.t.j.p.i.JtaPlatformInitiator       : HHH000490: Using JtaPlatform implementation: [org.hibernate.engine.transaction.jta.platform.internal.NoJtaPlatform]
2023-08-07T07:42:10.757+08:00  INFO 268 --- [           main] j.LocalContainerEntityManagerFactoryBean : Initialized JPA EntityManagerFactory for persistence unit 'default'
2023-08-07T07:42:11.764+08:00  WARN 268 --- [           main] JpaBaseConfiguration$JpaWebConfiguration : spring.jpa.open-in-view is enabled by default. Therefore, database queries may be performed during view rendering. Explicitly configure spring.jpa.open-in-view to disable this warning
2023-08-07T07:42:12.572+08:00  INFO 268 --- [           main] com.prog.TaskTrackerApplicationTests     : Started TaskTrackerApplicationTests in 12.7 seconds (process running for 14.981)
]]></system-out>
  </testcase>
</testsuite>